Log file opened: logs/dbt_sto-3g_8e8o_20250609-214308_run.log at 20250609-214308
--- Script starting with PennyLane version: 0.41.1 ---
Run configured for basis set: sto-3g
Active space: 8 electrons in 8 orbitals.
VQE iterations: 300
Output is being logged to this file: logs/dbt_sto-3g_8e8o_20250609-214308_run.log
Timestamp: 20250609-214308

--- Starting Full Pipeline Step with PennyLane VQE using basis: sto-3g ---
Molecule: dibenzothiophene.xyz
Basis set: sto-3g
Number of basis functions (MOs): 77

SCF converged: True
Total RHF Energy: -846.70638670 Hartrees

--- Active Space Selection ---
Full MOs: 77, Full Occupied MOs: 48
Requested active orbitals: 8, Requested active electrons: 8
Selected active space MO indices: [44, 45, 46, 47, 48, 49, 50, 51]
Number of MOs in active space: 8
HOMO index (0-based): 47, LUMO index (0-based): 48
MO energies (Hartree) for active space: [-0.32388672 -0.28599394 -0.23456188 -0.21743122  0.21053341  0.2576417
  0.27941433  0.32289636]
Core MO indices: [0, 1, 2, 3, 4, 5, 6, 7, 8, 9, 10, 11, 12, 13, 14, 15, 16, 17, 18, 19, 20, 21, 22, 23, 24, 25, 26, 27, 28, 29, 30, 31, 32, 33, 34, 35, 36, 37, 38, 39, 40, 41, 42, 43]
Nuclear repulsion energy (used as E_offset for InteractionOperator): 795.24154567 Hartrees
Shape of active one-electron integrals: (8, 8)
Shape of active two-electron integrals (physicist's): (8, 8, 8, 8)

--- Hamiltonian Construction (Active Space: 8 orbitals) ---
Number of terms in Fermionic Hamiltonian: 4161
Number of qubits for JW mapping: 16
Number of terms in OpenFermion Qubit Hamiltonian (Jordan-Wigner): 849
INFO: FermionOperator constant does not match QubitOperator constant (known OpenFermion JW behavior).
Time for RHF, integrals, and Hamiltonian construction: 3.40 seconds

--- Hamiltonian Generation Successful (timing combined with RHF/Integrals) ---
Target active space: 8 electrons in 8 spatial orbitals.
Number of spin-orbitals / qubits: 16
Nuclear Repulsion Energy (E_nuc_rep_actual): 795.24154567 Hartrees
Constant in OpenFermion Qubit Hamiltonian (C_qubit_jw): 710.55469773 Hartrees

--- Starting VQE Calculation (PennyLane runtime version: v0.41.1) ---

Using 360 UCCSD parameters for optimization.
Attempting to run VQE optimization with PennyLane...
Iter  -1:  E = 720.47340608 Ha (Initial) | Best E: 720.47340608 Ha
Iter   0:  E_before_step = 720.47340608 Ha | E_after_step = 710.46298754 Ha | Best E: 710.46298754 Ha
Iter  19:  E_before_step = 645.73423701 Ha | E_after_step = 645.51038648 Ha | Best E: 645.51038648 Ha
Iter  39:  E_before_step = 643.11840548 Ha | E_after_step = 643.02522110 Ha | Best E: 643.02522110 Ha
Iter  59:  E_before_step = 642.62511794 Ha | E_after_step = 642.61937743 Ha | Best E: 642.61937743 Ha
Iter  79:  E_before_step = 642.54511567 Ha | E_after_step = 642.54386601 Ha | Best E: 642.54386601 Ha
Iter  99:  E_before_step = 642.52907741 Ha | E_after_step = 642.52867478 Ha | Best E: 642.52867478 Ha
Iter 119:  E_before_step = 642.52193880 Ha | E_after_step = 642.52171828 Ha | Best E: 642.52171828 Ha
Iter 139:  E_before_step = 642.51880215 Ha | E_after_step = 642.51870495 Ha | Best E: 642.51870495 Ha
Iter 159:  E_before_step = 642.51739707 Ha | E_after_step = 642.51734969 Ha | Best E: 642.51734969 Ha
Iter 179:  E_before_step = 642.51667345 Ha | E_after_step = 642.51664699 Ha | Best E: 642.51664699 Ha
Iter 199:  E_before_step = 642.51625343 Ha | E_after_step = 642.51623730 Ha | Best E: 642.51623730 Ha
Iter 219:  E_before_step = 642.51598998 Ha | E_after_step = 642.51598028 Ha | Best E: 642.51598028 Ha
Iter 239:  E_before_step = 642.51679365 Ha | E_after_step = 642.51602041 Ha | Best E: 642.51596933 Ha
Iter 259:  E_before_step = 642.51597937 Ha | E_after_step = 642.51572040 Ha | Best E: 642.51572040 Ha
Iter 279:  E_before_step = 642.51564178 Ha | E_after_step = 642.51561864 Ha | Best E: 642.51560725 Ha
Iter 299:  E_before_step = 642.51552723 Ha | E_after_step = 642.51552141 Ha | Best E: 642.51552141 Ha
Iter 299:  E_before_step = 642.51552723 Ha | E_after_step = 642.51552141 Ha | Best E: 642.51552141 Ha (Optimization finished)

Saved VQE energies (optimizer path) to logs/dbt_sto-3g_8e8o_20250609-214312_energies.dat
Saved convergence plot to logs/dbt_sto-3g_8e8o_20250609-214312_convergence.png
Final VQE Energy (raw value from PennyLane, best found): 642.51552141 Hartrees
Time for VQE calculation: 7045.85 seconds

--- PennyLane VQE Calculation Complete ---

--- Final VQE Energy Summary ---
RHF Total Energy (PySCF): -846.70638670 Hartrees
Nuclear Repulsion Energy (E_nuc_rep_actual): 795.24154567 Hartrees
Core HF Electronic Energy (E_core_elec_hf): -1477.65750056 Hartrees
VQE Eigenvalue of Qubit Hamiltonian (E_VQE_raw): 642.51552141 Hartrees
Constant in Qubit Hamiltonian (C_qubit_jw): 710.55469773 Hartrees
Active Space Electronic Ops Part from VQE (E_VQE_raw - C_qubit_jw): -68.03917632 Hartrees
Final Total VQE Molecular Energy (E_nuc_rep + E_core_elec_hf + E_active_ops_part): -750.45513120 Hartrees
VQE Correlation Energy (E_VQE_total - E_RHF_total): 96.25125550 Hartrees
INFO: VQE total energy is higher than RHF total energy.
Total script runtime (including logging setup): 7049.25 seconds
Successfully appended benchmark data to benchmark_results.csv

--- Full Pipeline Step Completed for basis sto-3g ---
All output logged to: logs/dbt_sto-3g_8e8o_20250609-214308_run.log
